# JRE version: OpenJDK Runtime Environment Temurin-21.0.11+10 (21.0.11+10) (build 21.0.11+10-LTS)
# Java VM: OpenJDK 64-Bit Server VM Temurin-21.0.11+10 (21.0.11+10-LTS, mixed mode, sharing, tiered, compressed oops, compressed class ptrs, parallel gc, windows-amd64)
GC Precious Log:
 CardTable entry size: 512
 CPUs: 12 total, 12 available
 Memory: 15710M
 Large Page Support: Disabled
 NUMA Support: Disabled
 Compressed Oops: Enabled (32-bit)
 Alignments: Space 512K, Generation 512K, Heap 2M
 Heap Min Capacity: 100M
 Heap Initial Capacity: 100M
 Heap Max Capacity: 2G
 Pre-touch: Disabled
 Parallel Workers: 10
Heap:
 PSYoungGen      total 11264K, used 8445K [0x00000000d5580000, 0x00000000d6280000, 0x0000000100000000)
  eden space 10752K, 73% used [0x00000000d5580000,0x00000000d5d3f618,0x00000000d6000000)
  from space 512K, 100% used [0x00000000d6200000,0x00000000d6280000,0x00000000d6280000)
  to   space 1024K, 0% used [0x00000000d6100000,0x00000000d6100000,0x00000000d6200000)
 ParOldGen       total 1297920K, used 1297658K [0x0000000080000000, 0x00000000cf380000, 0x00000000d5580000)
  object space 1297920K, 99% used [0x0000000080000000,0x00000000cf33e960,0x00000000cf380000)
 Metaspace       used 94028K, committed 95808K, reserved 1179648K
  class space    used 9360K, committed 10176K, reserved 1048576K
GC Heap History (20 events):
Event: 9097.121 GC heap before
{Heap before GC invocations=7726 (full 8):
 PSYoungGen      total 11264K, used 11040K [0x00000000d5580000, 0x00000000d6300000, 0x0000000100000000)
  eden space 10752K, 100% used [0x00000000d5580000,0x00000000d6000000,0x00000000d6000000)
  from space 512K, 56% used [0x00000000d6200000,0x00000000d6248000,0x00000000d6280000)
  to   space 512K, 0% used [0x00000000d6280000,0x00000000d6280000,0x00000000d6300000)
 ParOldGen       total 1295360K, used 1295254K [0x0000000080000000, 0x00000000cf100000, 0x00000000d5580000)
  object space 1295360K, 99% used [0x0000000080000000,0x00000000cf0e5bc0,0x00000000cf100000)
 Metaspace       used 93124K, committed 94912K, reserved 1179648K
  class space    used 9311K, committed 10112K, reserved 1048576K
}
Event: 9097.123 GC heap after
{Heap after GC invocations=7726 (full 8):
 PSYoungGen      total 11264K, used 436K [0x00000000d5580000, 0x00000000d6300000, 0x0000000100000000)
  eden space 10752K, 0% used [0x00000000d5580000,0x00000000d5580000,0x00000000d6000000)
  from space 512K, 85% used [0x00000000d6280000,0x00000000d62ed200,0x00000000d6300000)
  to   space 512K, 0% used [0x00000000d6200000,0x00000000d6200000,0x00000000d6280000)
 ParOldGen       total 1295872K, used 1295364K [0x0000000080000000, 0x00000000cf180000, 0x00000000d5580000)
  object space 1295872K, 99% used [0x0000000080000000,0x00000000cf101280,0x00000000cf180000)
 Metaspace       used 93124K, committed 94912K, reserved 1179648K
  class space    used 9311K, committed 10112K, reserved 1048576K
}
Event: 9097.158 GC heap before
{Heap before GC invocations=7727 (full 8):
 PSYoungGen      total 11264K, used 11188K [0x00000000d5580000, 0x00000000d6300000, 0x0000000100000000)
  eden space 10752K, 100% used [0x00000000d5580000,0x00000000d6000000,0x00000000d6000000)
  from space 512K, 85% used [0x00000000d6280000,0x00000000d62ed200,0x00000000d6300000)
  to   space 512K, 0% used [0x00000000d6200000,0x00000000d6200000,0x00000000d6280000)
 ParOldGen       total 1295872K, used 1295364K [0x0000000080000000, 0x00000000cf180000, 0x00000000d5580000)
  object space 1295872K, 99% used [0x0000000080000000,0x00000000cf101280,0x00000000cf180000)
 Metaspace       used 93128K, committed 94912K, reserved 1179648K
  class space    used 9311K, committed 10112K, reserved 1048576K
}
Event: 9097.160 GC heap after
{Heap after GC invocations=7727 (full 8):
 PSYoungGen      total 11264K, used 282K [0x00000000d5580000, 0x00000000d6300000, 0x0000000100000000)
  eden space 10752K, 0% used [0x00000000d5580000,0x00000000d5580000,0x00000000d6000000)
  from space 512K, 55% used [0x00000000d6200000,0x00000000d6246900,0x00000000d6280000)
  to   space 512K, 0% used [0x00000000d6280000,0x00000000d6280000,0x00000000d6300000)
 ParOldGen       total 1295872K, used 1295450K [0x0000000080000000, 0x00000000cf180000, 0x00000000d5580000)
  object space 1295872K, 99% used [0x0000000080000000,0x00000000cf116940,0x00000000cf180000)
 Metaspace       used 93128K, committed 94912K, reserved 1179648K
  class space    used 9311K, committed 10112K, reserved 1048576K
}
Event: 9097.194 GC heap before
{Heap before GC invocations=7728 (full 8):
 PSYoungGen      total 11264K, used 11034K [0x00000000d5580000, 0x00000000d6300000, 0x0000000100000000)
  eden space 10752K, 100% used [0x00000000d5580000,0x00000000d6000000,0x00000000d6000000)
  from space 512K, 55% used [0x00000000d6200000,0x00000000d6246900,0x00000000d6280000)
  to   space 512K, 0% used [0x00000000d6280000,0x00000000d6280000,0x00000000d6300000)
 ParOldGen       total 1295872K, used 1295450K [0x0000000080000000, 0x00000000cf180000, 0x00000000d5580000)
  object space 1295872K, 99% used [0x0000000080000000,0x00000000cf116940,0x00000000cf180000)
 Metaspace       used 93138K, committed 94912K, reserved 1179648K
  class space    used 9311K, committed 10112K, reserved 1048576K
}
Event: 9097.196 GC heap after
{Heap after GC invocations=7728 (full 8):
 PSYoungGen      total 11264K, used 484K [0x00000000d5580000, 0x00000000d6300000, 0x0000000100000000)
  eden space 10752K, 0% used [0x00000000d5580000,0x00000000d5580000,0x00000000d6000000)
  from space 512K, 94% used [0x00000000d6280000,0x00000000d62f9210,0x00000000d6300000)
  to   space 1024K, 0% used [0x00000000d6100000,0x00000000d6100000,0x00000000d6200000)
 ParOldGen       total 1295872K, used 1295552K [0x0000000080000000, 0x00000000cf180000, 0x00000000d5580000)
  object space 1295872K, 99% used [0x0000000080000000,0x00000000cf130000,0x00000000cf180000)
 Metaspace       used 93138K, committed 94912K, reserved 1179648K
  class space    used 9311K, committed 10112K, reserved 1048576K
}
Event: 9097.302 GC heap before
{Heap before GC invocations=7729 (full 8):
 PSYoungGen      total 11264K, used 11236K [0x00000000d5580000, 0x00000000d6300000, 0x0000000100000000)
  eden space 10752K, 100% used [0x00000000d5580000,0x00000000d6000000,0x00000000d6000000)
  from space 512K, 94% used [0x00000000d6280000,0x00000000d62f9210,0x00000000d6300000)
  to   space 1024K, 0% used [0x00000000d6100000,0x00000000d6100000,0x00000000d6200000)
 ParOldGen       total 1295872K, used 1295552K [0x0000000080000000, 0x00000000cf180000, 0x00000000d5580000)
  object space 1295872K, 99% used [0x0000000080000000,0x00000000cf130000,0x00000000cf180000)
 Metaspace       used 93437K, committed 95168K, reserved 1179648K
  class space    used 9325K, committed 10112K, reserved 1048576K
}
Event: 9097.305 GC heap after
{Heap after GC invocations=7729 (full 8):
 PSYoungGen      total 11776K, used 288K [0x00000000d5580000, 0x00000000d6300000, 0x0000000100000000)
  eden space 10752K, 0% used [0x00000000d5580000,0x00000000d5580000,0x00000000d6000000)
  from space 1024K, 28% used [0x00000000d6100000,0x00000000d6148000,0x00000000d6200000)
  to   space 512K, 0% used [0x00000000d6280000,0x00000000d6280000,0x00000000d6300000)
 ParOldGen       total 1295872K, used 1295641K [0x0000000080000000, 0x00000000cf180000, 0x00000000d5580000)
  object space 1295872K, 99% used [0x0000000080000000,0x00000000cf146480,0x00000000cf180000)
 Metaspace       used 93437K, committed 95168K, reserved 1179648K
  class space    used 9325K, committed 10112K, reserved 1048576K
}
Event: 9097.377 GC heap before
{Heap before GC invocations=7730 (full 8):
 PSYoungGen      total 11776K, used 11040K [0x00000000d5580000, 0x00000000d6300000, 0x0000000100000000)
  eden space 10752K, 100% used [0x00000000d5580000,0x00000000d6000000,0x00000000d6000000)
  from space 1024K, 28% used [0x00000000d6100000,0x00000000d6148000,0x00000000d6200000)
  to   space 512K, 0% used [0x00000000d6280000,0x00000000d6280000,0x00000000d6300000)
 ParOldGen       total 1295872K, used 1295641K [0x0000000080000000, 0x00000000cf180000, 0x00000000d5580000)
  object space 1295872K, 99% used [0x0000000080000000,0x00000000cf146480,0x00000000cf180000)
 Metaspace       used 93505K, committed 95296K, reserved 1179648K
  class space    used 9331K, committed 10112K, reserved 1048576K
}
Event: 9097.381 GC heap after
{Heap after GC invocations=7730 (full 8):
 PSYoungGen      total 11264K, used 436K [0x00000000d5580000, 0x00000000d6300000, 0x0000000100000000)
  eden space 10752K, 0% used [0x00000000d5580000,0x00000000d5580000,0x00000000d6000000)
  from space 512K, 85% used [0x00000000d6280000,0x00000000d62ed200,0x00000000d6300000)
  to   space 512K, 0% used [0x00000000d6200000,0x00000000d6200000,0x00000000d6280000)
 ParOldGen       total 1295872K, used 1295770K [0x0000000080000000, 0x00000000cf180000, 0x00000000d5580000)
  object space 1295872K, 99% used [0x0000000080000000,0x00000000cf166bf0,0x00000000cf180000)
 Metaspace       used 93505K, committed 95296K, reserved 1179648K
  class space    used 9331K, committed 10112K, reserved 1048576K
}
Event: 9097.425 GC heap before
{Heap before GC invocations=7731 (full 8):
 PSYoungGen      total 11264K, used 11188K [0x00000000d5580000, 0x00000000d6300000, 0x0000000100000000)
  eden space 10752K, 100% used [0x00000000d5580000,0x00000000d6000000,0x00000000d6000000)
  from space 512K, 85% used [0x00000000d6280000,0x00000000d62ed200,0x00000000d6300000)
  to   space 512K, 0% used [0x00000000d6200000,0x00000000d6200000,0x00000000d6280000)
 ParOldGen       total 1295872K, used 1295770K [0x0000000080000000, 0x00000000cf180000, 0x00000000d5580000)
  object space 1295872K, 99% used [0x0000000080000000,0x00000000cf166bf0,0x00000000cf180000)
 Metaspace       used 93532K, committed 95296K, reserved 1179648K
  class space    used 9331K, committed 10112K, reserved 1048576K
}
Event: 9097.428 GC heap after
{Heap after GC invocations=7731 (full 8):
 PSYoungGen      total 11264K, used 400K [0x00000000d5580000, 0x00000000d6300000, 0x0000000100000000)
  eden space 10752K, 0% used [0x00000000d5580000,0x00000000d5580000,0x00000000d6000000)
  from space 512K, 78% used [0x00000000d6200000,0x00000000d6264010,0x00000000d6280000)
  to   space 512K, 0% used [0x00000000d6280000,0x00000000d6280000,0x00000000d6300000)
 ParOldGen       total 1296384K, used 1295899K [0x0000000080000000, 0x00000000cf200000, 0x00000000d5580000)
  object space 1296384K, 99% used [0x0000000080000000,0x00000000cf186ff0,0x00000000cf200000)
 Metaspace       used 93532K, committed 95296K, reserved 1179648K
  class space    used 9331K, committed 10112K, reserved 1048576K
}
Event: 9097.496 GC heap before
{Heap before GC invocations=7732 (full 8):
 PSYoungGen      total 11264K, used 11152K [0x00000000d5580000, 0x00000000d6300000, 0x0000000100000000)
  eden space 10752K, 100% used [0x00000000d5580000,0x00000000d6000000,0x00000000d6000000)
  from space 512K, 78% used [0x00000000d6200000,0x00000000d6264010,0x00000000d6280000)
  to   space 512K, 0% used [0x00000000d6280000,0x00000000d6280000,0x00000000d6300000)
 ParOldGen       total 1296384K, used 1295899K [0x0000000080000000, 0x00000000cf200000, 0x00000000d5580000)
  object space 1296384K, 99% used [0x0000000080000000,0x00000000cf186ff0,0x00000000cf200000)
 Metaspace       used 93658K, committed 95424K, reserved 1179648K
  class space    used 9344K, committed 10112K, reserved 1048576K
}
Event: 9097.498 GC heap after
{Heap after GC invocations=7732 (full 8):
 PSYoungGen      total 11264K, used 501K [0x00000000d5580000, 0x00000000d6300000, 0x0000000100000000)
  eden space 10752K, 0% used [0x00000000d5580000,0x00000000d5580000,0x00000000d6000000)
  from space 512K, 97% used [0x00000000d6280000,0x00000000d62fd558,0x00000000d6300000)
  to   space 1024K, 0% used [0x00000000d6100000,0x00000000d6100000,0x00000000d6200000)
 ParOldGen       total 1296384K, used 1296125K [0x0000000080000000, 0x00000000cf200000, 0x00000000d5580000)
  object space 1296384K, 99% used [0x0000000080000000,0x00000000cf1bf408,0x00000000cf200000)
 Metaspace       used 93658K, committed 95424K, reserved 1179648K
  class space    used 9344K, committed 10112K, reserved 1048576K
}
Event: 9097.582 GC heap before
{Heap before GC invocations=7733 (full 8):
 PSYoungGen      total 11264K, used 11253K [0x00000000d5580000, 0x00000000d6300000, 0x0000000100000000)
  eden space 10752K, 100% used [0x00000000d5580000,0x00000000d6000000,0x00000000d6000000)
  from space 512K, 97% used [0x00000000d6280000,0x00000000d62fd558,0x00000000d6300000)
  to   space 1024K, 0% used [0x00000000d6100000,0x00000000d6100000,0x00000000d6200000)
 ParOldGen       total 1296384K, used 1296125K [0x0000000080000000, 0x00000000cf200000, 0x00000000d5580000)
  object space 1296384K, 99% used [0x0000000080000000,0x00000000cf1bf408,0x00000000cf200000)
 Metaspace       used 93835K, committed 95552K, reserved 1179648K
  class space    used 9355K, committed 10112K, reserved 1048576K
}
Event: 9097.585 GC heap after
{Heap after GC invocations=7733 (full 8):
 PSYoungGen      total 11776K, used 448K [0x00000000d5580000, 0x00000000d6300000, 0x0000000100000000)
  eden space 10752K, 0% used [0x00000000d5580000,0x00000000d5580000,0x00000000d6000000)
  from space 1024K, 43% used [0x00000000d6100000,0x00000000d6170000,0x00000000d6200000)
  to   space 1024K, 0% used [0x00000000d6200000,0x00000000d6200000,0x00000000d6300000)
 ParOldGen       total 1296896K, used 1296570K [0x0000000080000000, 0x00000000cf280000, 0x00000000d5580000)
  object space 1296896K, 99% used [0x0000000080000000,0x00000000cf22e960,0x00000000cf280000)
 Metaspace       used 93835K, committed 95552K, reserved 1179648K
  class space    used 9355K, committed 10112K, reserved 1048576K
}
Event: 9097.651 GC heap before
{Heap before GC invocations=7734 (full 8):
 PSYoungGen      total 11776K, used 11200K [0x00000000d5580000, 0x00000000d6300000, 0x0000000100000000)
  eden space 10752K, 100% used [0x00000000d5580000,0x00000000d6000000,0x00000000d6000000)
  from space 1024K, 43% used [0x00000000d6100000,0x00000000d6170000,0x00000000d6200000)
  to   space 1024K, 0% used [0x00000000d6200000,0x00000000d6200000,0x00000000d6300000)
 ParOldGen       total 1296896K, used 1296570K [0x0000000080000000, 0x00000000cf280000, 0x00000000d5580000)
  object space 1296896K, 99% used [0x0000000080000000,0x00000000cf22e960,0x00000000cf280000)
 Metaspace       used 93887K, committed 95616K, reserved 1179648K
  class space    used 9356K, committed 10112K, reserved 1048576K
}
Event: 9097.654 GC heap after
{Heap after GC invocations=7734 (full 8):
 PSYoungGen      total 11776K, used 544K [0x00000000d5580000, 0x00000000d6300000, 0x0000000100000000)
  eden space 10752K, 0% used [0x00000000d5580000,0x00000000d5580000,0x00000000d6000000)
  from space 1024K, 53% used [0x00000000d6200000,0x00000000d6288000,0x00000000d6300000)
  to   space 1024K, 0% used [0x00000000d6100000,0x00000000d6100000,0x00000000d6200000)
 ParOldGen       total 1296896K, used 1296850K [0x0000000080000000, 0x00000000cf280000, 0x00000000d5580000)
  object space 1296896K, 99% used [0x0000000080000000,0x00000000cf274960,0x00000000cf280000)
 Metaspace       used 93887K, committed 95616K, reserved 1179648K
  class space    used 9356K, committed 10112K, reserved 1048576K
}
Event: 9097.708 GC heap before
{Heap before GC invocations=7735 (full 8):
 PSYoungGen      total 11776K, used 11296K [0x00000000d5580000, 0x00000000d6300000, 0x0000000100000000)
  eden space 10752K, 100% used [0x00000000d5580000,0x00000000d6000000,0x00000000d6000000)
  from space 1024K, 53% used [0x00000000d6200000,0x00000000d6288000,0x00000000d6300000)
  to   space 1024K, 0% used [0x00000000d6100000,0x00000000d6100000,0x00000000d6200000)
 ParOldGen       total 1296896K, used 1296850K [0x0000000080000000, 0x00000000cf280000, 0x00000000d5580000)
  object space 1296896K, 99% used [0x0000000080000000,0x00000000cf274960,0x00000000cf280000)
 Metaspace       used 93926K, committed 95680K, reserved 1179648K
  class space    used 9356K, committed 10112K, reserved 1048576K
}
Event: 9097.711 GC heap after
{Heap after GC invocations=7735 (full 8):
 PSYoungGen      total 11776K, used 576K [0x00000000d5580000, 0x00000000d6280000, 0x0000000100000000)
  eden space 10752K, 0% used [0x00000000d5580000,0x00000000d5580000,0x00000000d6000000)
  from space 1024K, 56% used [0x00000000d6100000,0x00000000d6190000,0x00000000d6200000)
  to   space 512K, 0% used [0x00000000d6200000,0x00000000d6200000,0x00000000d6280000)
 ParOldGen       total 1297408K, used 1297202K [0x0000000080000000, 0x00000000cf300000, 0x00000000d5580000)
  object space 1297408K, 99% used [0x0000000080000000,0x00000000cf2cc960,0x00000000cf300000)
 Metaspace       used 93926K, committed 95680K, reserved 1179648K
  class space    used 9356K, committed 10112K, reserved 1048576K
}

